2015/02/13 20:08:49 INFO  - jmeter.util.JMeterUtils: Setting Locale to en_US 
2015/02/13 20:08:49 INFO  - jmeter.JMeter: Loading user properties from: /usr/share/jmeter/bin/user.properties 
2015/02/13 20:08:49 INFO  - jmeter.JMeter: Loading system properties from: /usr/share/jmeter/bin/system.properties 
2015/02/13 20:08:49 INFO  - jmeter.JMeter: Copyright (c) 1998-2012 The Apache Software Foundation 
2015/02/13 20:08:49 INFO  - jmeter.JMeter: Version 2.8.20130705 
2015/02/13 20:08:49 INFO  - jmeter.JMeter: java.version=1.7.0_05 
2015/02/13 20:08:49 INFO  - jmeter.JMeter: java.vm.name=Java HotSpot(TM) Server VM 
2015/02/13 20:08:49 INFO  - jmeter.JMeter: os.name=Linux 
2015/02/13 20:08:49 INFO  - jmeter.JMeter: os.arch=i386 
2015/02/13 20:08:49 INFO  - jmeter.JMeter: os.version=3.13.0-44-generic 
2015/02/13 20:08:49 INFO  - jmeter.JMeter: file.encoding=UTF-8 
2015/02/13 20:08:49 INFO  - jmeter.JMeter: Default Locale=English (United States) 
2015/02/13 20:08:49 INFO  - jmeter.JMeter: JMeter  Locale=English (United States) 
2015/02/13 20:08:49 INFO  - jmeter.JMeter: JMeterHome=/usr/share/jmeter 
2015/02/13 20:08:49 INFO  - jmeter.JMeter: user.dir  =/opt/book/service 
2015/02/13 20:08:49 INFO  - jmeter.JMeter: PWD       =/opt/book/service 
2015/02/13 20:08:49 INFO  - jmeter.JMeter: IP: 127.0.1.1 Name: dev8 FullName: dev8.impactsoftwarelabs.com 
2015/02/13 20:08:49 INFO  - jmeter.JMeter: Loaded icon properties from org/apache/jmeter/images/icon.properties 
2015/02/13 20:08:50 INFO  - jmeter.engine.util.CompoundVariable: Note: Function class names must contain the string: '.functions.' 
2015/02/13 20:08:50 INFO  - jmeter.engine.util.CompoundVariable: Note: Function class names must not contain the string: '.gui.' 
2015/02/13 20:08:50 INFO  - jmeter.gui.action.LookAndFeelCommand: Using look and feel: javax.swing.plaf.metal.MetalLookAndFeel [Metal, CrossPlatform] 
2015/02/13 20:08:51 INFO  - jmeter.util.BSFTestElement: Registering JMeter version of JavaScript engine as work-round for BSF-22 
2015/02/13 20:08:51 INFO  - jmeter.protocol.http.sampler.HTTPSamplerBase: Cannot find .className property for htmlParser, using default 
2015/02/13 20:08:51 INFO  - jmeter.protocol.http.sampler.HTTPSamplerBase: Parser for text/html is  
2015/02/13 20:08:51 INFO  - jmeter.protocol.http.sampler.HTTPSamplerBase: Parser for application/xhtml+xml is  
2015/02/13 20:08:51 INFO  - jmeter.protocol.http.sampler.HTTPSamplerBase: Parser for application/xml is  
2015/02/13 20:08:51 INFO  - jmeter.protocol.http.sampler.HTTPSamplerBase: Parser for text/xml is  
2015/02/13 20:08:51 INFO  - jmeter.protocol.http.sampler.HTTPSamplerBase: Parser for text/vnd.wap.wml is org.apache.jmeter.protocol.http.parser.RegexpHTMLParser 
2015/02/13 20:08:51 INFO  - jmeter.protocol.http.sampler.HTTPSamplerBase: Reuse SSL session context on subsequent iterations: true 
2015/02/13 20:08:51 INFO  - jmeter.gui.util.MenuFactory: Skipping org.apache.jmeter.protocol.http.modifier.gui.ParamModifierGui 
2015/02/13 20:08:51 INFO  - jmeter.samplers.SampleResult: Note: Sample TimeStamps are START times 
2015/02/13 20:08:51 INFO  - jmeter.samplers.SampleResult: sampleresult.default.encoding is set to ISO-8859-1 
2015/02/13 20:08:51 INFO  - jmeter.samplers.SampleResult: sampleresult.useNanoTime=true 
2015/02/13 20:08:51 INFO  - jmeter.samplers.SampleResult: sampleresult.nanoThreadSleep=5000 
2015/02/13 20:08:57 INFO  - jmeter.services.FileServer: Default base='/opt/book/service' 
2015/02/13 20:08:57 INFO  - jmeter.gui.action.Load: Loading file: /home/bruce/Projects/Cloudi/Test/BookServiceTest.jmx 
2015/02/13 20:08:57 INFO  - jmeter.services.FileServer: Set new base='/home/bruce/Projects/Cloudi/Test' 
2015/02/13 20:08:57 INFO  - jmeter.save.SaveService: Testplan (JMX) version: 2.2. Testlog (JTL) version: 2.2 
2015/02/13 20:08:57 INFO  - jmeter.save.SaveService: Using SaveService properties file encoding UTF-8 
2015/02/13 20:08:57 INFO  - jmeter.save.SaveService: Using SaveService properties file version 1382180 
2015/02/13 20:08:57 INFO  - jmeter.save.SaveService: Using SaveService properties version 2.3 
2015/02/13 20:08:57 INFO  - jmeter.save.SaveService: All converter versions present and correct 
2015/02/13 20:08:57 INFO  - jmeter.services.FileServer: Set new base='/home/bruce/Projects/Cloudi/Test' 
2015/02/13 20:09:18 INFO  - jmeter.engine.StandardJMeterEngine: Listeners will be started after enabling running version 
2015/02/13 20:09:18 INFO  - jmeter.engine.StandardJMeterEngine: To revert to the earlier behaviour, define jmeterengine.startlistenerslater=false 
2015/02/13 20:09:18 INFO  - jmeter.engine.StandardJMeterEngine: Running the test! 
2015/02/13 20:09:18 WARN  - jmeter.reporters.ResultCollector: Unexpected EOF trying to find XML end marker in /home/bruce/Projects/Cloudi/Test/TestResults.csv 
2015/02/13 20:09:18 INFO  - jmeter.gui.util.JMeterMenuBar: setRunning(true,*local*) 
2015/02/13 20:09:18 INFO  - jmeter.engine.StandardJMeterEngine: Starting ThreadGroup: 1 : Thread Group 
2015/02/13 20:09:18 INFO  - jmeter.engine.StandardJMeterEngine: Starting 10 threads for group Thread Group. 
2015/02/13 20:09:18 INFO  - jmeter.engine.StandardJMeterEngine: Thread will continue on error 
2015/02/13 20:09:18 INFO  - jmeter.threads.ThreadGroup: Starting thread group number 1 threads 10 ramp-up 1 perThread 100.0 delayedStart=false 
2015/02/13 20:09:18 INFO  - jmeter.threads.JMeterThread: jmeterthread.startearlier=true (see jmeter.properties) 
2015/02/13 20:09:18 INFO  - jmeter.threads.JMeterThread: Running PostProcessors in forward order 
2015/02/13 20:09:18 INFO  - jmeter.threads.JMeterThread: Thread started: Thread Group 1-1 
2015/02/13 20:09:18 INFO  - jmeter.threads.ThreadGroup: Started thread group number 1 
2015/02/13 20:09:18 INFO  - jmeter.engine.StandardJMeterEngine: All thread groups have been started 
2015/02/13 20:09:18 INFO  - jmeter.threads.JMeterThread: Thread started: Thread Group 1-2 
2015/02/13 20:09:19 INFO  - jmeter.threads.JMeterThread: Thread started: Thread Group 1-3 
2015/02/13 20:09:19 INFO  - jmeter.threads.JMeterThread: Thread started: Thread Group 1-4 
2015/02/13 20:09:19 INFO  - jmeter.threads.JMeterThread: Thread started: Thread Group 1-5 
2015/02/13 20:09:19 INFO  - jmeter.threads.JMeterThread: Thread started: Thread Group 1-6 
2015/02/13 20:09:19 INFO  - jmeter.threads.JMeterThread: Thread started: Thread Group 1-7 
2015/02/13 20:09:19 INFO  - jmeter.threads.JMeterThread: Thread started: Thread Group 1-8 
2015/02/13 20:09:19 INFO  - jmeter.threads.JMeterThread: Thread started: Thread Group 1-9 
2015/02/13 20:09:19 INFO  - jmeter.threads.JMeterThread: Thread started: Thread Group 1-10 
2015/02/13 20:11:40 INFO  - jmeter.gui.action.Start: Stopping test 
2015/02/13 20:11:40 INFO  - jmeter.threads.JMeterThread: Stopping: Thread Group 1-1 
2015/02/13 20:11:40 WARN  - jmeter.threads.JMeterThread: Sampler is not Interruptible: Book Service Web Socket 
2015/02/13 20:11:40 INFO  - jmeter.threads.JMeterThread: Stopping: Thread Group 1-9 
2015/02/13 20:11:40 WARN  - jmeter.threads.JMeterThread: Sampler is not Interruptible: Book Service Web Socket 
2015/02/13 20:11:40 INFO  - jmeter.threads.JMeterThread: Stopping: Thread Group 1-7 
2015/02/13 20:11:40 WARN  - jmeter.threads.JMeterThread: Sampler is not Interruptible: Book Service Web Socket 
2015/02/13 20:11:40 INFO  - jmeter.threads.JMeterThread: Stopping: Thread Group 1-6 
2015/02/13 20:11:40 WARN  - jmeter.threads.JMeterThread: Sampler is not Interruptible: Book Service Web Socket 
2015/02/13 20:11:40 INFO  - jmeter.threads.JMeterThread: Stopping: Thread Group 1-8 
2015/02/13 20:11:40 WARN  - jmeter.threads.JMeterThread: Sampler is not Interruptible: Book Service Web Socket 
2015/02/13 20:11:40 INFO  - jmeter.threads.JMeterThread: Stopping: Thread Group 1-2 
2015/02/13 20:11:40 WARN  - jmeter.threads.JMeterThread: Sampler is not Interruptible: Book Service Web Socket 
2015/02/13 20:11:40 INFO  - jmeter.threads.JMeterThread: Stopping: Thread Group 1-4 
2015/02/13 20:11:40 WARN  - jmeter.threads.JMeterThread: Sampler is not Interruptible: Book Service Web Socket 
2015/02/13 20:11:40 INFO  - jmeter.threads.JMeterThread: Stopping: Thread Group 1-10 
2015/02/13 20:11:40 WARN  - jmeter.threads.JMeterThread: Sampler is not Interruptible: Book Service Web Socket 
2015/02/13 20:11:40 INFO  - jmeter.threads.JMeterThread: Stopping: Thread Group 1-5 
2015/02/13 20:11:40 WARN  - jmeter.threads.JMeterThread: Sampler is not Interruptible: Book Service Web Socket 
2015/02/13 20:11:40 INFO  - jmeter.threads.JMeterThread: Stopping: Thread Group 1-3 
2015/02/13 20:11:40 WARN  - jmeter.threads.JMeterThread: Sampler is not Interruptible: Book Service Web Socket 
2015/02/13 20:11:40 INFO  - jmeter.threads.JMeterThread: Thread finished: Thread Group 1-1 
2015/02/13 20:11:40 INFO  - jmeter.threads.JMeterThread: Thread finished: Thread Group 1-7 
2015/02/13 20:11:41 INFO  - jmeter.threads.JMeterThread: Thread finished: Thread Group 1-9 
2015/02/13 20:11:41 INFO  - jmeter.threads.JMeterThread: Thread finished: Thread Group 1-6 
2015/02/13 20:11:41 INFO  - jmeter.threads.JMeterThread: Thread finished: Thread Group 1-4 
2015/02/13 20:11:41 INFO  - jmeter.threads.JMeterThread: Thread finished: Thread Group 1-8 
2015/02/13 20:11:41 INFO  - jmeter.threads.JMeterThread: Thread finished: Thread Group 1-10 
2015/02/13 20:11:41 INFO  - jmeter.threads.JMeterThread: Thread finished: Thread Group 1-2 
2015/02/13 20:11:41 INFO  - jmeter.threads.JMeterThread: Thread finished: Thread Group 1-5 
2015/02/13 20:11:41 INFO  - jmeter.threads.JMeterThread: Thread finished: Thread Group 1-3 
2015/02/13 20:11:41 INFO  - jmeter.engine.StandardJMeterEngine: Notifying test listeners of end of test 
2015/02/13 20:11:41 INFO  - jmeter.gui.util.JMeterMenuBar: setRunning(false,*local*) 
2015/02/13 20:11:48 INFO  - jmeter.engine.StandardJMeterEngine: Running the test! 
2015/02/13 20:11:48 INFO  - jmeter.gui.util.JMeterMenuBar: setRunning(true,*local*) 
2015/02/13 20:11:48 INFO  - jmeter.engine.StandardJMeterEngine: Starting ThreadGroup: 1 : Thread Group 
2015/02/13 20:11:48 INFO  - jmeter.engine.StandardJMeterEngine: Starting 10 threads for group Thread Group. 
2015/02/13 20:11:48 INFO  - jmeter.engine.StandardJMeterEngine: Thread will continue on error 
2015/02/13 20:11:48 INFO  - jmeter.threads.ThreadGroup: Starting thread group number 1 threads 10 ramp-up 1 perThread 100.0 delayedStart=false 
2015/02/13 20:11:48 INFO  - jmeter.threads.JMeterThread: Thread started: Thread Group 1-1 
2015/02/13 20:11:48 INFO  - jmeter.threads.ThreadGroup: Started thread group number 1 
2015/02/13 20:11:48 INFO  - jmeter.engine.StandardJMeterEngine: All thread groups have been started 
2015/02/13 20:11:48 INFO  - jmeter.threads.JMeterThread: Thread started: Thread Group 1-2 
2015/02/13 20:11:48 INFO  - jmeter.threads.JMeterThread: Thread started: Thread Group 1-3 
2015/02/13 20:11:48 INFO  - jmeter.threads.JMeterThread: Thread started: Thread Group 1-4 
2015/02/13 20:11:48 INFO  - jmeter.threads.JMeterThread: Thread started: Thread Group 1-5 
2015/02/13 20:11:48 INFO  - jmeter.threads.JMeterThread: Thread started: Thread Group 1-6 
2015/02/13 20:11:48 INFO  - jmeter.threads.JMeterThread: Thread started: Thread Group 1-7 
2015/02/13 20:11:48 INFO  - jmeter.threads.JMeterThread: Thread started: Thread Group 1-8 
2015/02/13 20:11:48 INFO  - jmeter.threads.JMeterThread: Thread started: Thread Group 1-9 
2015/02/13 20:11:49 INFO  - jmeter.threads.JMeterThread: Thread started: Thread Group 1-10 
2015/02/13 20:12:49 INFO  - jmeter.gui.action.Start: Stopping test 
2015/02/13 20:12:49 INFO  - jmeter.threads.JMeterThread: Stopping: Thread Group 1-2 
2015/02/13 20:12:49 WARN  - jmeter.threads.JMeterThread: Sampler is not Interruptible: Book Service Web Socket 
2015/02/13 20:12:49 INFO  - jmeter.threads.JMeterThread: Stopping: Thread Group 1-10 
2015/02/13 20:12:49 WARN  - jmeter.threads.JMeterThread: Sampler is not Interruptible: Book Service Web Socket 
2015/02/13 20:12:49 INFO  - jmeter.threads.JMeterThread: Stopping: Thread Group 1-1 
2015/02/13 20:12:49 WARN  - jmeter.threads.JMeterThread: Sampler is not Interruptible: Book Service Web Socket 
2015/02/13 20:12:49 INFO  - jmeter.threads.JMeterThread: Stopping: Thread Group 1-9 
2015/02/13 20:12:49 WARN  - jmeter.threads.JMeterThread: Sampler is not Interruptible: Book Service Web Socket 
2015/02/13 20:12:49 INFO  - jmeter.threads.JMeterThread: Stopping: Thread Group 1-8 
2015/02/13 20:12:49 WARN  - jmeter.threads.JMeterThread: Sampler is not Interruptible: Book Service Web Socket 
2015/02/13 20:12:49 INFO  - jmeter.threads.JMeterThread: Stopping: Thread Group 1-5 
2015/02/13 20:12:49 WARN  - jmeter.threads.JMeterThread: Sampler is not Interruptible: Book Service Web Socket 
2015/02/13 20:12:49 INFO  - jmeter.threads.JMeterThread: Stopping: Thread Group 1-4 
2015/02/13 20:12:49 WARN  - jmeter.threads.JMeterThread: Sampler is not Interruptible: Book Service Web Socket 
2015/02/13 20:12:49 INFO  - jmeter.threads.JMeterThread: Stopping: Thread Group 1-7 
2015/02/13 20:12:49 WARN  - jmeter.threads.JMeterThread: Sampler is not Interruptible: Book Service Web Socket 
2015/02/13 20:12:49 INFO  - jmeter.threads.JMeterThread: Stopping: Thread Group 1-3 
2015/02/13 20:12:49 WARN  - jmeter.threads.JMeterThread: Sampler is not Interruptible: Book Service Web Socket 
2015/02/13 20:12:49 INFO  - jmeter.threads.JMeterThread: Stopping: Thread Group 1-6 
2015/02/13 20:12:49 WARN  - jmeter.threads.JMeterThread: Sampler is not Interruptible: Book Service Web Socket 
2015/02/13 20:12:49 INFO  - jmeter.threads.JMeterThread: Thread finished: Thread Group 1-2 
2015/02/13 20:12:49 INFO  - jmeter.threads.JMeterThread: Thread finished: Thread Group 1-9 
2015/02/13 20:12:49 INFO  - jmeter.threads.JMeterThread: Thread finished: Thread Group 1-10 
2015/02/13 20:12:49 INFO  - jmeter.threads.JMeterThread: Thread finished: Thread Group 1-1 
2015/02/13 20:12:49 INFO  - jmeter.threads.JMeterThread: Thread finished: Thread Group 1-8 
2015/02/13 20:12:49 INFO  - jmeter.threads.JMeterThread: Thread finished: Thread Group 1-5 
2015/02/13 20:12:49 INFO  - jmeter.threads.JMeterThread: Thread finished: Thread Group 1-7 
2015/02/13 20:12:49 INFO  - jmeter.threads.JMeterThread: Thread finished: Thread Group 1-3 
2015/02/13 20:12:49 INFO  - jmeter.threads.JMeterThread: Thread finished: Thread Group 1-4 
2015/02/13 20:12:49 INFO  - jmeter.threads.JMeterThread: Thread finished: Thread Group 1-6 
2015/02/13 20:12:49 INFO  - jmeter.engine.StandardJMeterEngine: Notifying test listeners of end of test 
2015/02/13 20:12:49 INFO  - jmeter.gui.util.JMeterMenuBar: setRunning(false,*local*) 
2015/02/13 20:13:43 INFO  - jmeter.engine.StandardJMeterEngine: Running the test! 
2015/02/13 20:13:43 INFO  - jmeter.gui.util.JMeterMenuBar: setRunning(true,*local*) 
2015/02/13 20:13:43 INFO  - jmeter.engine.StandardJMeterEngine: Starting ThreadGroup: 1 : Thread Group 
2015/02/13 20:13:43 INFO  - jmeter.engine.StandardJMeterEngine: Starting 10 threads for group Thread Group. 
2015/02/13 20:13:43 INFO  - jmeter.engine.StandardJMeterEngine: Thread will continue on error 
2015/02/13 20:13:43 INFO  - jmeter.threads.ThreadGroup: Starting thread group number 1 threads 10 ramp-up 1 perThread 100.0 delayedStart=false 
2015/02/13 20:13:43 INFO  - jmeter.threads.JMeterThread: Thread started: Thread Group 1-1 
2015/02/13 20:13:43 INFO  - jmeter.threads.ThreadGroup: Started thread group number 1 
2015/02/13 20:13:43 INFO  - jmeter.engine.StandardJMeterEngine: All thread groups have been started 
2015/02/13 20:13:43 INFO  - jmeter.threads.JMeterThread: Thread started: Thread Group 1-2 
2015/02/13 20:13:43 INFO  - jmeter.threads.JMeterThread: Thread started: Thread Group 1-3 
2015/02/13 20:13:43 INFO  - jmeter.threads.JMeterThread: Thread started: Thread Group 1-4 
2015/02/13 20:13:43 INFO  - jmeter.threads.JMeterThread: Thread started: Thread Group 1-5 
2015/02/13 20:13:44 INFO  - jmeter.threads.JMeterThread: Thread started: Thread Group 1-6 
2015/02/13 20:13:44 INFO  - jmeter.threads.JMeterThread: Thread started: Thread Group 1-7 
2015/02/13 20:13:44 INFO  - jmeter.threads.JMeterThread: Thread started: Thread Group 1-8 
2015/02/13 20:13:44 INFO  - jmeter.threads.JMeterThread: Thread started: Thread Group 1-9 
2015/02/13 20:13:44 INFO  - jmeter.threads.JMeterThread: Thread started: Thread Group 1-10 
2015/02/13 20:18:43 ERROR - JMeter.plugins.functional.samplers.websocket.ServiceSocket: Disconnect 1006: EOF 
2015/02/13 20:18:43 ERROR - JMeter.plugins.functional.samplers.websocket.ServiceSocket: Disconnect 1006: EOF 
2015/02/13 20:18:43 ERROR - JMeter.plugins.functional.samplers.websocket.ServiceSocket: Disconnect 1006: EOF 
2015/02/13 20:18:43 ERROR - JMeter.plugins.functional.samplers.websocket.ServiceSocket: Disconnect 1006: EOF 
2015/02/13 20:18:43 ERROR - JMeter.plugins.functional.samplers.websocket.ServiceSocket: Disconnect 1006: EOF 
2015/02/13 20:18:44 ERROR - JMeter.plugins.functional.samplers.websocket.ServiceSocket: Disconnect 1006: EOF 
2015/02/13 20:18:44 ERROR - JMeter.plugins.functional.samplers.websocket.ServiceSocket: Disconnect 1006: EOF 
2015/02/13 20:18:44 ERROR - JMeter.plugins.functional.samplers.websocket.ServiceSocket: Disconnect 1006: EOF 
2015/02/13 20:18:44 ERROR - JMeter.plugins.functional.samplers.websocket.ServiceSocket: Disconnect 1006: EOF 
2015/02/13 20:18:44 ERROR - JMeter.plugins.functional.samplers.websocket.ServiceSocket: Disconnect 1006: EOF 
2015/02/13 20:20:01 INFO  - jmeter.gui.action.Start: Stopping test 
2015/02/13 20:20:01 INFO  - jmeter.threads.JMeterThread: Stopping: Thread Group 1-8 
2015/02/13 20:20:01 WARN  - jmeter.threads.JMeterThread: Sampler is not Interruptible: Book Service Web Socket 
2015/02/13 20:20:01 INFO  - jmeter.threads.JMeterThread: Stopping: Thread Group 1-2 
2015/02/13 20:20:01 WARN  - jmeter.threads.JMeterThread: Sampler is not Interruptible: Book Service Web Socket 
2015/02/13 20:20:01 INFO  - jmeter.threads.JMeterThread: Stopping: Thread Group 1-6 
2015/02/13 20:20:01 WARN  - jmeter.threads.JMeterThread: Sampler is not Interruptible: Book Service Web Socket 
2015/02/13 20:20:01 INFO  - jmeter.threads.JMeterThread: Stopping: Thread Group 1-5 
2015/02/13 20:20:01 WARN  - jmeter.threads.JMeterThread: Sampler is not Interruptible: Book Service Web Socket 
2015/02/13 20:20:01 INFO  - jmeter.threads.JMeterThread: Stopping: Thread Group 1-1 
2015/02/13 20:20:01 WARN  - jmeter.threads.JMeterThread: Sampler is not Interruptible: Book Service Web Socket 
2015/02/13 20:20:01 INFO  - jmeter.threads.JMeterThread: Stopping: Thread Group 1-7 
2015/02/13 20:20:01 WARN  - jmeter.threads.JMeterThread: Sampler is not Interruptible: Book Service Web Socket 
2015/02/13 20:20:01 INFO  - jmeter.threads.JMeterThread: Stopping: Thread Group 1-3 
2015/02/13 20:20:01 WARN  - jmeter.threads.JMeterThread: Sampler is not Interruptible: Book Service Web Socket 
2015/02/13 20:20:01 INFO  - jmeter.threads.JMeterThread: Stopping: Thread Group 1-10 
2015/02/13 20:20:01 WARN  - jmeter.threads.JMeterThread: Sampler is not Interruptible: Book Service Web Socket 
2015/02/13 20:20:01 INFO  - jmeter.threads.JMeterThread: Stopping: Thread Group 1-4 
2015/02/13 20:20:01 WARN  - jmeter.threads.JMeterThread: Sampler is not Interruptible: Book Service Web Socket 
2015/02/13 20:20:01 INFO  - jmeter.threads.JMeterThread: Stopping: Thread Group 1-9 
2015/02/13 20:20:01 WARN  - jmeter.threads.JMeterThread: Sampler is not Interruptible: Book Service Web Socket 
2015/02/13 20:20:01 INFO  - jmeter.threads.JMeterThread: Thread finished: Thread Group 1-8 
2015/02/13 20:20:01 INFO  - jmeter.threads.JMeterThread: Thread finished: Thread Group 1-5 
2015/02/13 20:20:01 INFO  - jmeter.threads.JMeterThread: Thread finished: Thread Group 1-2 
2015/02/13 20:20:01 INFO  - jmeter.threads.JMeterThread: Thread finished: Thread Group 1-6 
2015/02/13 20:20:01 INFO  - jmeter.threads.JMeterThread: Thread finished: Thread Group 1-1 
2015/02/13 20:20:01 INFO  - jmeter.threads.JMeterThread: Thread finished: Thread Group 1-7 
2015/02/13 20:20:01 INFO  - jmeter.threads.JMeterThread: Thread finished: Thread Group 1-3 
2015/02/13 20:20:01 INFO  - jmeter.threads.JMeterThread: Thread finished: Thread Group 1-10 
2015/02/13 20:20:01 INFO  - jmeter.threads.JMeterThread: Thread finished: Thread Group 1-9 
2015/02/13 20:20:01 INFO  - jmeter.threads.JMeterThread: Thread finished: Thread Group 1-4 
2015/02/13 20:20:01 INFO  - jmeter.engine.StandardJMeterEngine: Notifying test listeners of end of test 
2015/02/13 20:20:01 INFO  - jmeter.gui.util.JMeterMenuBar: setRunning(false,*local*) 
2015/02/13 20:20:04 INFO  - jmeter.engine.StandardJMeterEngine: Running the test! 
2015/02/13 20:20:04 INFO  - jmeter.gui.util.JMeterMenuBar: setRunning(true,*local*) 
2015/02/13 20:20:04 INFO  - jmeter.engine.StandardJMeterEngine: Starting ThreadGroup: 1 : Thread Group 
2015/02/13 20:20:04 INFO  - jmeter.engine.StandardJMeterEngine: Starting 10 threads for group Thread Group. 
2015/02/13 20:20:04 INFO  - jmeter.engine.StandardJMeterEngine: Thread will continue on error 
2015/02/13 20:20:04 INFO  - jmeter.threads.ThreadGroup: Starting thread group number 1 threads 10 ramp-up 1 perThread 100.0 delayedStart=false 
2015/02/13 20:20:04 INFO  - jmeter.threads.JMeterThread: Thread started: Thread Group 1-1 
2015/02/13 20:20:04 INFO  - jmeter.threads.ThreadGroup: Started thread group number 1 
2015/02/13 20:20:04 INFO  - jmeter.engine.StandardJMeterEngine: All thread groups have been started 
2015/02/13 20:20:04 INFO  - jmeter.threads.JMeterThread: Thread started: Thread Group 1-2 
2015/02/13 20:20:04 INFO  - jmeter.threads.JMeterThread: Thread started: Thread Group 1-3 
2015/02/13 20:20:04 INFO  - jmeter.threads.JMeterThread: Thread started: Thread Group 1-4 
2015/02/13 20:20:05 INFO  - jmeter.threads.JMeterThread: Thread started: Thread Group 1-5 
2015/02/13 20:20:05 INFO  - jmeter.threads.JMeterThread: Thread started: Thread Group 1-6 
2015/02/13 20:20:05 INFO  - jmeter.threads.JMeterThread: Thread started: Thread Group 1-7 
2015/02/13 20:20:05 INFO  - jmeter.threads.JMeterThread: Thread started: Thread Group 1-8 
2015/02/13 20:20:05 INFO  - jmeter.threads.JMeterThread: Thread started: Thread Group 1-9 
2015/02/13 20:20:05 INFO  - jmeter.threads.JMeterThread: Thread started: Thread Group 1-10 
2015/02/13 20:20:23 INFO  - jmeter.gui.action.Start: Stopping test 
2015/02/13 20:20:23 INFO  - jmeter.threads.JMeterThread: Stopping: Thread Group 1-10 
2015/02/13 20:20:23 WARN  - jmeter.threads.JMeterThread: Sampler is not Interruptible: Book Service Web Socket 
2015/02/13 20:20:23 INFO  - jmeter.threads.JMeterThread: Stopping: Thread Group 1-1 
2015/02/13 20:20:23 WARN  - jmeter.threads.JMeterThread: Sampler is not Interruptible: Book Service Web Socket 
2015/02/13 20:20:23 INFO  - jmeter.threads.JMeterThread: Stopping: Thread Group 1-2 
2015/02/13 20:20:23 WARN  - jmeter.threads.JMeterThread: Sampler is not Interruptible: Book Service Web Socket 
2015/02/13 20:20:23 INFO  - jmeter.threads.JMeterThread: Stopping: Thread Group 1-5 
2015/02/13 20:20:23 WARN  - jmeter.threads.JMeterThread: Sampler is not Interruptible: Book Service Web Socket 
2015/02/13 20:20:23 INFO  - jmeter.threads.JMeterThread: Stopping: Thread Group 1-8 
2015/02/13 20:20:23 WARN  - jmeter.threads.JMeterThread: Sampler is not Interruptible: Book Service Web Socket 
2015/02/13 20:20:23 INFO  - jmeter.threads.JMeterThread: Stopping: Thread Group 1-7 
2015/02/13 20:20:23 WARN  - jmeter.threads.JMeterThread: Sampler is not Interruptible: Book Service Web Socket 
2015/02/13 20:20:23 INFO  - jmeter.threads.JMeterThread: Stopping: Thread Group 1-9 
2015/02/13 20:20:23 WARN  - jmeter.threads.JMeterThread: Sampler is not Interruptible: Book Service Web Socket 
2015/02/13 20:20:23 INFO  - jmeter.threads.JMeterThread: Stopping: Thread Group 1-6 
2015/02/13 20:20:23 WARN  - jmeter.threads.JMeterThread: Sampler is not Interruptible: Book Service Web Socket 
2015/02/13 20:20:23 INFO  - jmeter.threads.JMeterThread: Stopping: Thread Group 1-4 
2015/02/13 20:20:23 WARN  - jmeter.threads.JMeterThread: Sampler is not Interruptible: Book Service Web Socket 
2015/02/13 20:20:23 INFO  - jmeter.threads.JMeterThread: Stopping: Thread Group 1-3 
2015/02/13 20:20:23 WARN  - jmeter.threads.JMeterThread: Sampler is not Interruptible: Book Service Web Socket 
2015/02/13 20:20:23 INFO  - jmeter.threads.JMeterThread: Thread finished: Thread Group 1-10 
2015/02/13 20:20:23 INFO  - jmeter.threads.JMeterThread: Thread finished: Thread Group 1-1 
2015/02/13 20:20:23 INFO  - jmeter.threads.JMeterThread: Thread finished: Thread Group 1-7 
2015/02/13 20:20:23 INFO  - jmeter.threads.JMeterThread: Thread finished: Thread Group 1-4 
2015/02/13 20:20:23 INFO  - jmeter.threads.JMeterThread: Thread finished: Thread Group 1-3 
2015/02/13 20:20:23 INFO  - jmeter.threads.JMeterThread: Thread finished: Thread Group 1-6 
2015/02/13 20:20:23 INFO  - jmeter.threads.JMeterThread: Thread finished: Thread Group 1-9 
2015/02/13 20:20:23 INFO  - jmeter.threads.JMeterThread: Thread finished: Thread Group 1-8 
2015/02/13 20:20:23 INFO  - jmeter.threads.JMeterThread: Thread finished: Thread Group 1-5 
2015/02/13 20:20:23 INFO  - jmeter.threads.JMeterThread: Thread finished: Thread Group 1-2 
2015/02/13 20:20:23 INFO  - jmeter.engine.StandardJMeterEngine: Notifying test listeners of end of test 
2015/02/13 20:20:23 INFO  - jmeter.gui.util.JMeterMenuBar: setRunning(false,*local*) 
2015/02/13 20:21:30 INFO  - jmeter.engine.StandardJMeterEngine: Running the test! 
2015/02/13 20:21:30 INFO  - jmeter.gui.util.JMeterMenuBar: setRunning(true,*local*) 
2015/02/13 20:21:30 INFO  - jmeter.engine.StandardJMeterEngine: Starting ThreadGroup: 1 : Thread Group 
2015/02/13 20:21:30 INFO  - jmeter.engine.StandardJMeterEngine: Starting 10 threads for group Thread Group. 
2015/02/13 20:21:30 INFO  - jmeter.engine.StandardJMeterEngine: Thread will continue on error 
2015/02/13 20:21:30 INFO  - jmeter.threads.ThreadGroup: Starting thread group number 1 threads 10 ramp-up 1 perThread 100.0 delayedStart=false 
2015/02/13 20:21:30 INFO  - jmeter.threads.JMeterThread: Thread started: Thread Group 1-1 
2015/02/13 20:21:30 INFO  - jmeter.threads.ThreadGroup: Started thread group number 1 
2015/02/13 20:21:30 INFO  - jmeter.engine.StandardJMeterEngine: All thread groups have been started 
2015/02/13 20:21:30 INFO  - jmeter.threads.JMeterThread: Thread started: Thread Group 1-2 
2015/02/13 20:21:30 INFO  - jmeter.threads.JMeterThread: Thread started: Thread Group 1-3 
2015/02/13 20:21:31 INFO  - jmeter.threads.JMeterThread: Thread started: Thread Group 1-4 
2015/02/13 20:21:31 INFO  - jmeter.threads.JMeterThread: Thread started: Thread Group 1-5 
2015/02/13 20:21:31 INFO  - jmeter.threads.JMeterThread: Thread started: Thread Group 1-6 
2015/02/13 20:21:31 INFO  - jmeter.threads.JMeterThread: Thread started: Thread Group 1-7 
2015/02/13 20:21:31 INFO  - jmeter.threads.JMeterThread: Thread started: Thread Group 1-8 
2015/02/13 20:21:31 INFO  - jmeter.threads.JMeterThread: Thread started: Thread Group 1-9 
2015/02/13 20:21:31 INFO  - jmeter.threads.JMeterThread: Thread started: Thread Group 1-10 
2015/02/13 20:21:51 INFO  - jmeter.threads.JMeterThread: Thread finished: Thread Group 1-8 
2015/02/13 20:21:53 INFO  - jmeter.threads.JMeterThread: Thread finished: Thread Group 1-6 
2015/02/13 20:21:57 INFO  - jmeter.gui.action.Start: Stopping test 
2015/02/13 20:21:57 INFO  - jmeter.threads.JMeterThread: Stopping: Thread Group 1-4 
2015/02/13 20:21:57 WARN  - jmeter.threads.JMeterThread: Sampler is not Interruptible: Book Service Web Socket 
2015/02/13 20:21:57 INFO  - jmeter.threads.JMeterThread: Stopping: Thread Group 1-10 
2015/02/13 20:21:57 WARN  - jmeter.threads.JMeterThread: Sampler is not Interruptible: Book Service Web Socket 
2015/02/13 20:21:57 INFO  - jmeter.threads.JMeterThread: Stopping: Thread Group 1-2 
2015/02/13 20:21:57 WARN  - jmeter.threads.JMeterThread: Sampler is not Interruptible: Book Service Web Socket 
2015/02/13 20:21:57 INFO  - jmeter.threads.JMeterThread: Stopping: Thread Group 1-3 
2015/02/13 20:21:57 WARN  - jmeter.threads.JMeterThread: Sampler is not Interruptible: Book Service Web Socket 
2015/02/13 20:21:57 INFO  - jmeter.threads.JMeterThread: Stopping: Thread Group 1-1 
2015/02/13 20:21:57 WARN  - jmeter.threads.JMeterThread: Sampler is not Interruptible: Book Service Web Socket 
2015/02/13 20:21:57 INFO  - jmeter.threads.JMeterThread: Stopping: Thread Group 1-9 
2015/02/13 20:21:57 WARN  - jmeter.threads.JMeterThread: Sampler is not Interruptible: Book Service Web Socket 
2015/02/13 20:21:57 INFO  - jmeter.threads.JMeterThread: Stopping: Thread Group 1-5 
2015/02/13 20:21:57 WARN  - jmeter.threads.JMeterThread: Sampler is not Interruptible: Book Service Web Socket 
2015/02/13 20:21:57 INFO  - jmeter.threads.JMeterThread: Stopping: Thread Group 1-7 
2015/02/13 20:21:57 WARN  - jmeter.threads.JMeterThread: Sampler is not Interruptible: Book Service Web Socket 
2015/02/13 20:21:57 INFO  - jmeter.threads.JMeterThread: Thread finished: Thread Group 1-4 
2015/02/13 20:21:57 INFO  - jmeter.threads.JMeterThread: Thread finished: Thread Group 1-10 
2015/02/13 20:21:57 INFO  - jmeter.threads.JMeterThread: Thread finished: Thread Group 1-2 
2015/02/13 20:21:57 INFO  - jmeter.threads.JMeterThread: Thread finished: Thread Group 1-3 
2015/02/13 20:21:57 INFO  - jmeter.threads.JMeterThread: Thread finished: Thread Group 1-9 
2015/02/13 20:21:57 INFO  - jmeter.threads.JMeterThread: Thread finished: Thread Group 1-1 
2015/02/13 20:21:57 INFO  - jmeter.threads.JMeterThread: Thread finished: Thread Group 1-7 
2015/02/13 20:21:57 INFO  - jmeter.threads.JMeterThread: Thread finished: Thread Group 1-5 
2015/02/13 20:21:57 INFO  - jmeter.engine.StandardJMeterEngine: Notifying test listeners of end of test 
2015/02/13 20:21:57 INFO  - jmeter.gui.util.JMeterMenuBar: setRunning(false,*local*) 
2015/02/13 20:23:18 INFO  - jmeter.engine.StandardJMeterEngine: Running the test! 
2015/02/13 20:23:18 INFO  - jmeter.gui.util.JMeterMenuBar: setRunning(true,*local*) 
2015/02/13 20:23:18 INFO  - jmeter.engine.StandardJMeterEngine: Starting ThreadGroup: 1 : Thread Group 
2015/02/13 20:23:18 INFO  - jmeter.engine.StandardJMeterEngine: Starting 10 threads for group Thread Group. 
2015/02/13 20:23:18 INFO  - jmeter.engine.StandardJMeterEngine: Thread will continue on error 
2015/02/13 20:23:18 INFO  - jmeter.threads.ThreadGroup: Starting thread group number 1 threads 10 ramp-up 1 perThread 100.0 delayedStart=false 
2015/02/13 20:23:18 INFO  - jmeter.threads.JMeterThread: Thread started: Thread Group 1-1 
2015/02/13 20:23:18 INFO  - jmeter.threads.ThreadGroup: Started thread group number 1 
2015/02/13 20:23:18 INFO  - jmeter.engine.StandardJMeterEngine: All thread groups have been started 
2015/02/13 20:23:18 INFO  - jmeter.threads.JMeterThread: Thread started: Thread Group 1-2 
2015/02/13 20:23:18 INFO  - jmeter.threads.JMeterThread: Thread started: Thread Group 1-3 
2015/02/13 20:23:19 INFO  - jmeter.threads.JMeterThread: Thread started: Thread Group 1-4 
2015/02/13 20:23:19 INFO  - jmeter.threads.JMeterThread: Thread started: Thread Group 1-5 
2015/02/13 20:23:19 INFO  - jmeter.threads.JMeterThread: Thread started: Thread Group 1-6 
2015/02/13 20:23:19 INFO  - jmeter.threads.JMeterThread: Thread started: Thread Group 1-7 
2015/02/13 20:23:19 INFO  - jmeter.threads.JMeterThread: Thread started: Thread Group 1-8 
2015/02/13 20:23:19 INFO  - jmeter.threads.JMeterThread: Thread started: Thread Group 1-9 
2015/02/13 20:23:19 INFO  - jmeter.threads.JMeterThread: Thread started: Thread Group 1-10 
2015/02/13 20:23:25 INFO  - jmeter.threads.JMeterThread: Thread finished: Thread Group 1-8 
2015/02/13 20:23:25 INFO  - jmeter.threads.JMeterThread: Thread finished: Thread Group 1-7 
2015/02/13 20:23:25 INFO  - jmeter.threads.JMeterThread: Thread finished: Thread Group 1-1 
2015/02/13 20:23:25 INFO  - jmeter.threads.JMeterThread: Thread finished: Thread Group 1-10 
2015/02/13 20:23:25 INFO  - jmeter.threads.JMeterThread: Thread finished: Thread Group 1-6 
2015/02/13 20:23:26 INFO  - jmeter.threads.JMeterThread: Thread finished: Thread Group 1-2 
2015/02/13 20:23:26 INFO  - jmeter.threads.JMeterThread: Thread finished: Thread Group 1-9 
2015/02/13 20:23:26 INFO  - jmeter.threads.JMeterThread: Thread finished: Thread Group 1-3 
2015/02/13 20:23:26 INFO  - jmeter.threads.JMeterThread: Thread finished: Thread Group 1-5 
2015/02/13 20:23:26 INFO  - jmeter.threads.JMeterThread: Thread finished: Thread Group 1-4 
2015/02/13 20:23:26 INFO  - jmeter.engine.StandardJMeterEngine: Notifying test listeners of end of test 
2015/02/13 20:23:26 INFO  - jmeter.gui.util.JMeterMenuBar: setRunning(false,*local*) 
2015/02/13 20:26:02 INFO  - jmeter.engine.StandardJMeterEngine: Running the test! 
2015/02/13 20:26:02 INFO  - jmeter.gui.util.JMeterMenuBar: setRunning(true,*local*) 
2015/02/13 20:26:02 INFO  - jmeter.engine.StandardJMeterEngine: Starting ThreadGroup: 1 : Thread Group 
2015/02/13 20:26:02 INFO  - jmeter.engine.StandardJMeterEngine: Starting 10 threads for group Thread Group. 
2015/02/13 20:26:02 INFO  - jmeter.engine.StandardJMeterEngine: Thread will continue on error 
2015/02/13 20:26:02 INFO  - jmeter.threads.ThreadGroup: Starting thread group number 1 threads 10 ramp-up 1 perThread 100.0 delayedStart=false 
2015/02/13 20:26:02 INFO  - jmeter.threads.JMeterThread: Thread started: Thread Group 1-1 
2015/02/13 20:26:02 INFO  - jmeter.threads.ThreadGroup: Started thread group number 1 
2015/02/13 20:26:02 INFO  - jmeter.engine.StandardJMeterEngine: All thread groups have been started 
2015/02/13 20:26:02 INFO  - jmeter.threads.JMeterThread: Thread started: Thread Group 1-2 
2015/02/13 20:26:02 INFO  - jmeter.threads.JMeterThread: Thread started: Thread Group 1-3 
2015/02/13 20:26:02 INFO  - jmeter.threads.JMeterThread: Thread started: Thread Group 1-4 
2015/02/13 20:26:02 INFO  - jmeter.threads.JMeterThread: Thread started: Thread Group 1-5 
2015/02/13 20:26:03 INFO  - jmeter.threads.JMeterThread: Thread started: Thread Group 1-6 
2015/02/13 20:26:03 INFO  - jmeter.threads.JMeterThread: Thread started: Thread Group 1-7 
2015/02/13 20:26:03 INFO  - jmeter.threads.JMeterThread: Thread started: Thread Group 1-8 
2015/02/13 20:26:03 INFO  - jmeter.threads.JMeterThread: Thread started: Thread Group 1-9 
2015/02/13 20:26:03 INFO  - jmeter.threads.JMeterThread: Thread started: Thread Group 1-10 
2015/02/13 20:27:08 INFO  - jmeter.gui.action.Start: Stopping test 
2015/02/13 20:27:08 INFO  - jmeter.threads.JMeterThread: Stopping: Thread Group 1-4 
2015/02/13 20:27:08 WARN  - jmeter.threads.JMeterThread: Sampler is not Interruptible: Book Service Web Socket 
2015/02/13 20:27:08 INFO  - jmeter.threads.JMeterThread: Stopping: Thread Group 1-7 
2015/02/13 20:27:08 WARN  - jmeter.threads.JMeterThread: Sampler is not Interruptible: Book Service Web Socket 
2015/02/13 20:27:08 INFO  - jmeter.threads.JMeterThread: Stopping: Thread Group 1-6 
2015/02/13 20:27:08 WARN  - jmeter.threads.JMeterThread: Sampler is not Interruptible: Book Service Web Socket 
2015/02/13 20:27:08 INFO  - jmeter.threads.JMeterThread: Stopping: Thread Group 1-3 
2015/02/13 20:27:08 WARN  - jmeter.threads.JMeterThread: Sampler is not Interruptible: Book Service Web Socket 
2015/02/13 20:27:08 INFO  - jmeter.threads.JMeterThread: Stopping: Thread Group 1-9 
2015/02/13 20:27:08 WARN  - jmeter.threads.JMeterThread: Sampler is not Interruptible: Book Service Web Socket 
2015/02/13 20:27:08 INFO  - jmeter.threads.JMeterThread: Stopping: Thread Group 1-10 
2015/02/13 20:27:08 WARN  - jmeter.threads.JMeterThread: Sampler is not Interruptible: Book Service Web Socket 
2015/02/13 20:27:08 INFO  - jmeter.threads.JMeterThread: Stopping: Thread Group 1-5 
2015/02/13 20:27:08 WARN  - jmeter.threads.JMeterThread: Sampler is not Interruptible: Book Service Web Socket 
2015/02/13 20:27:08 INFO  - jmeter.threads.JMeterThread: Stopping: Thread Group 1-2 
2015/02/13 20:27:08 WARN  - jmeter.threads.JMeterThread: Sampler is not Interruptible: Book Service Web Socket 
2015/02/13 20:27:08 INFO  - jmeter.threads.JMeterThread: Stopping: Thread Group 1-8 
2015/02/13 20:27:08 WARN  - jmeter.threads.JMeterThread: Sampler is not Interruptible: Book Service Web Socket 
2015/02/13 20:27:08 INFO  - jmeter.threads.JMeterThread: Stopping: Thread Group 1-1 
2015/02/13 20:27:08 WARN  - jmeter.threads.JMeterThread: Sampler is not Interruptible: Book Service Web Socket 
2015/02/13 20:27:08 INFO  - jmeter.threads.JMeterThread: Thread finished: Thread Group 1-3 
2015/02/13 20:27:08 INFO  - jmeter.threads.JMeterThread: Thread finished: Thread Group 1-7 
2015/02/13 20:27:08 INFO  - jmeter.threads.JMeterThread: Thread finished: Thread Group 1-9 
2015/02/13 20:27:08 INFO  - jmeter.threads.JMeterThread: Thread finished: Thread Group 1-6 
2015/02/13 20:27:08 INFO  - jmeter.threads.JMeterThread: Thread finished: Thread Group 1-10 
2015/02/13 20:27:08 INFO  - jmeter.threads.JMeterThread: Thread finished: Thread Group 1-2 
2015/02/13 20:27:08 INFO  - jmeter.threads.JMeterThread: Thread finished: Thread Group 1-1 
2015/02/13 20:27:08 INFO  - jmeter.threads.JMeterThread: Thread finished: Thread Group 1-5 
2015/02/13 20:27:08 INFO  - jmeter.threads.JMeterThread: Thread finished: Thread Group 1-8 
2015/02/13 20:27:08 INFO  - jmeter.threads.JMeterThread: Thread finished: Thread Group 1-4 
2015/02/13 20:27:08 INFO  - jmeter.engine.StandardJMeterEngine: Notifying test listeners of end of test 
2015/02/13 20:27:08 INFO  - jmeter.gui.util.JMeterMenuBar: setRunning(false,*local*) 
2015/02/13 20:27:31 INFO  - jmeter.engine.StandardJMeterEngine: Running the test! 
2015/02/13 20:27:31 INFO  - jmeter.gui.util.JMeterMenuBar: setRunning(true,*local*) 
2015/02/13 20:27:31 INFO  - jmeter.engine.StandardJMeterEngine: Starting ThreadGroup: 1 : Thread Group 
2015/02/13 20:27:31 INFO  - jmeter.engine.StandardJMeterEngine: Starting 10 threads for group Thread Group. 
2015/02/13 20:27:31 INFO  - jmeter.engine.StandardJMeterEngine: Thread will continue on error 
2015/02/13 20:27:31 INFO  - jmeter.threads.ThreadGroup: Starting thread group number 1 threads 10 ramp-up 1 perThread 100.0 delayedStart=false 
2015/02/13 20:27:31 INFO  - jmeter.threads.JMeterThread: Thread started: Thread Group 1-1 
2015/02/13 20:27:31 INFO  - jmeter.threads.ThreadGroup: Started thread group number 1 
2015/02/13 20:27:31 INFO  - jmeter.engine.StandardJMeterEngine: All thread groups have been started 
2015/02/13 20:27:31 INFO  - jmeter.threads.JMeterThread: Thread started: Thread Group 1-2 
2015/02/13 20:27:31 INFO  - jmeter.threads.JMeterThread: Thread started: Thread Group 1-3 
2015/02/13 20:27:31 INFO  - jmeter.threads.JMeterThread: Thread started: Thread Group 1-4 
2015/02/13 20:27:31 INFO  - jmeter.threads.JMeterThread: Thread started: Thread Group 1-5 
2015/02/13 20:27:31 INFO  - jmeter.threads.JMeterThread: Thread started: Thread Group 1-6 
2015/02/13 20:27:31 INFO  - jmeter.threads.JMeterThread: Thread started: Thread Group 1-7 
2015/02/13 20:27:31 INFO  - jmeter.threads.JMeterThread: Thread started: Thread Group 1-8 
2015/02/13 20:27:32 INFO  - jmeter.threads.JMeterThread: Thread started: Thread Group 1-9 
2015/02/13 20:27:32 INFO  - jmeter.threads.JMeterThread: Thread started: Thread Group 1-10 
2015/02/13 20:28:22 ERROR - JMeter.plugins.functional.samplers.websocket.ServiceSocket: Disconnect 1006: Read EOF 
2015/02/13 20:28:22 ERROR - JMeter.plugins.functional.samplers.websocket.ServiceSocket: Disconnect 1006: Read EOF 
2015/02/13 20:28:22 ERROR - JMeter.plugins.functional.samplers.websocket.ServiceSocket: Disconnect 1006: Read EOF 
2015/02/13 20:28:22 ERROR - JMeter.plugins.functional.samplers.websocket.ServiceSocket: Disconnect 1006: Read EOF 
2015/02/13 20:28:22 ERROR - JMeter.plugins.functional.samplers.websocket.ServiceSocket: Disconnect 1006: Read EOF 
2015/02/13 20:28:22 ERROR - JMeter.plugins.functional.samplers.websocket.ServiceSocket: Disconnect 1006: Read EOF 
2015/02/13 20:28:22 ERROR - JMeter.plugins.functional.samplers.websocket.ServiceSocket: Disconnect 1006: Read EOF 
2015/02/13 20:28:22 ERROR - JMeter.plugins.functional.samplers.websocket.ServiceSocket: Disconnect 1006: Read EOF 
2015/02/13 20:28:22 ERROR - JMeter.plugins.functional.samplers.websocket.ServiceSocket: Disconnect 1006: Read EOF 
2015/02/13 20:28:22 ERROR - JMeter.plugins.functional.samplers.websocket.ServiceSocket: Disconnect 1006: Read EOF 
2015/02/13 20:28:28 INFO  - jmeter.threads.JMeterThread: Thread finished: Thread Group 1-1 
2015/02/13 20:28:28 INFO  - jmeter.threads.JMeterThread: Thread finished: Thread Group 1-4 
2015/02/13 20:28:28 INFO  - jmeter.threads.JMeterThread: Thread finished: Thread Group 1-6 
2015/02/13 20:28:28 INFO  - jmeter.threads.JMeterThread: Thread finished: Thread Group 1-9 
2015/02/13 20:28:28 INFO  - jmeter.threads.JMeterThread: Thread finished: Thread Group 1-8 
2015/02/13 20:28:28 INFO  - jmeter.threads.JMeterThread: Thread finished: Thread Group 1-7 
2015/02/13 20:28:28 INFO  - jmeter.threads.JMeterThread: Thread finished: Thread Group 1-10 
2015/02/13 20:28:28 INFO  - jmeter.threads.JMeterThread: Thread finished: Thread Group 1-3 
2015/02/13 20:28:28 INFO  - jmeter.threads.JMeterThread: Thread finished: Thread Group 1-5 
2015/02/13 20:28:28 INFO  - jmeter.threads.JMeterThread: Thread finished: Thread Group 1-2 
2015/02/13 20:28:28 INFO  - jmeter.engine.StandardJMeterEngine: Notifying test listeners of end of test 
2015/02/13 20:28:28 INFO  - jmeter.gui.util.JMeterMenuBar: setRunning(false,*local*) 
2015/02/13 20:29:46 INFO  - jmeter.engine.StandardJMeterEngine: Running the test! 
2015/02/13 20:29:46 INFO  - jmeter.gui.util.JMeterMenuBar: setRunning(true,*local*) 
2015/02/13 20:29:46 INFO  - jmeter.engine.StandardJMeterEngine: Starting ThreadGroup: 1 : Thread Group 
2015/02/13 20:29:46 INFO  - jmeter.engine.StandardJMeterEngine: Starting 10 threads for group Thread Group. 
2015/02/13 20:29:46 INFO  - jmeter.engine.StandardJMeterEngine: Thread will continue on error 
2015/02/13 20:29:46 INFO  - jmeter.threads.ThreadGroup: Starting thread group number 1 threads 10 ramp-up 1 perThread 100.0 delayedStart=false 
2015/02/13 20:29:46 INFO  - jmeter.threads.JMeterThread: Thread started: Thread Group 1-1 
2015/02/13 20:29:46 INFO  - jmeter.threads.ThreadGroup: Started thread group number 1 
2015/02/13 20:29:46 INFO  - jmeter.engine.StandardJMeterEngine: All thread groups have been started 
2015/02/13 20:29:46 INFO  - jmeter.threads.JMeterThread: Thread started: Thread Group 1-2 
2015/02/13 20:29:46 INFO  - jmeter.threads.JMeterThread: Thread started: Thread Group 1-3 
2015/02/13 20:29:46 INFO  - jmeter.threads.JMeterThread: Thread started: Thread Group 1-4 
2015/02/13 20:29:46 INFO  - jmeter.threads.JMeterThread: Thread started: Thread Group 1-5 
2015/02/13 20:29:46 INFO  - jmeter.threads.JMeterThread: Thread started: Thread Group 1-6 
2015/02/13 20:29:46 INFO  - jmeter.threads.JMeterThread: Thread started: Thread Group 1-7 
2015/02/13 20:29:46 INFO  - jmeter.threads.JMeterThread: Thread started: Thread Group 1-8 
2015/02/13 20:29:46 INFO  - jmeter.threads.JMeterThread: Thread started: Thread Group 1-9 
2015/02/13 20:29:46 INFO  - jmeter.threads.JMeterThread: Thread started: Thread Group 1-10 
2015/02/13 20:30:14 INFO  - jmeter.gui.action.Start: Stopping test 
2015/02/13 20:30:14 INFO  - jmeter.threads.JMeterThread: Stopping: Thread Group 1-4 
2015/02/13 20:30:14 WARN  - jmeter.threads.JMeterThread: Sampler is not Interruptible: Book Service Web Socket 
2015/02/13 20:30:14 INFO  - jmeter.threads.JMeterThread: Stopping: Thread Group 1-9 
2015/02/13 20:30:14 WARN  - jmeter.threads.JMeterThread: Sampler is not Interruptible: Book Service Web Socket 
2015/02/13 20:30:14 INFO  - jmeter.threads.JMeterThread: Stopping: Thread Group 1-3 
2015/02/13 20:30:14 WARN  - jmeter.threads.JMeterThread: Sampler is not Interruptible: Book Service Web Socket 
2015/02/13 20:30:14 INFO  - jmeter.threads.JMeterThread: Stopping: Thread Group 1-10 
2015/02/13 20:30:14 WARN  - jmeter.threads.JMeterThread: Sampler is not Interruptible: Book Service Web Socket 
2015/02/13 20:30:14 INFO  - jmeter.threads.JMeterThread: Stopping: Thread Group 1-8 
2015/02/13 20:30:14 WARN  - jmeter.threads.JMeterThread: Sampler is not Interruptible: Book Service Web Socket 
2015/02/13 20:30:14 INFO  - jmeter.threads.JMeterThread: Stopping: Thread Group 1-6 
2015/02/13 20:30:14 WARN  - jmeter.threads.JMeterThread: Sampler is not Interruptible: Book Service Web Socket 
2015/02/13 20:30:14 INFO  - jmeter.threads.JMeterThread: Stopping: Thread Group 1-1 
2015/02/13 20:30:14 WARN  - jmeter.threads.JMeterThread: Sampler is not Interruptible: Book Service Web Socket 
2015/02/13 20:30:14 INFO  - jmeter.threads.JMeterThread: Stopping: Thread Group 1-7 
2015/02/13 20:30:14 WARN  - jmeter.threads.JMeterThread: Sampler is not Interruptible: Book Service Web Socket 
2015/02/13 20:30:14 INFO  - jmeter.threads.JMeterThread: Stopping: Thread Group 1-5 
2015/02/13 20:30:14 WARN  - jmeter.threads.JMeterThread: Sampler is not Interruptible: Book Service Web Socket 
2015/02/13 20:30:14 INFO  - jmeter.threads.JMeterThread: Stopping: Thread Group 1-2 
2015/02/13 20:30:14 WARN  - jmeter.threads.JMeterThread: Sampler is not Interruptible: Book Service Web Socket 
2015/02/13 20:30:14 INFO  - jmeter.threads.JMeterThread: Thread finished: Thread Group 1-4 
2015/02/13 20:30:14 INFO  - jmeter.threads.JMeterThread: Thread finished: Thread Group 1-9 
2015/02/13 20:30:14 INFO  - jmeter.threads.JMeterThread: Thread finished: Thread Group 1-3 
2015/02/13 20:30:14 INFO  - jmeter.threads.JMeterThread: Thread finished: Thread Group 1-10 
2015/02/13 20:30:14 INFO  - jmeter.threads.JMeterThread: Thread finished: Thread Group 1-8 
2015/02/13 20:30:14 INFO  - jmeter.threads.JMeterThread: Thread finished: Thread Group 1-6 
2015/02/13 20:30:14 INFO  - jmeter.threads.JMeterThread: Thread finished: Thread Group 1-1 
2015/02/13 20:30:14 INFO  - jmeter.threads.JMeterThread: Thread finished: Thread Group 1-7 
2015/02/13 20:30:14 INFO  - jmeter.threads.JMeterThread: Thread finished: Thread Group 1-2 
2015/02/13 20:30:14 INFO  - jmeter.threads.JMeterThread: Thread finished: Thread Group 1-5 
2015/02/13 20:30:14 INFO  - jmeter.engine.StandardJMeterEngine: Notifying test listeners of end of test 
2015/02/13 20:30:14 INFO  - jmeter.gui.util.JMeterMenuBar: setRunning(false,*local*) 
