2015/01/25 16:37:13 INFO  - jmeter.util.JMeterUtils: Setting Locale to en_US 
2015/01/25 16:37:13 INFO  - jmeter.JMeter: Loading user properties from: /usr/share/jmeter/bin/user.properties 
2015/01/25 16:37:13 INFO  - jmeter.JMeter: Loading system properties from: /usr/share/jmeter/bin/system.properties 
2015/01/25 16:37:13 INFO  - jmeter.JMeter: Copyright (c) 1998-2012 The Apache Software Foundation 
2015/01/25 16:37:13 INFO  - jmeter.JMeter: Version 2.8.20130705 
2015/01/25 16:37:13 INFO  - jmeter.JMeter: java.version=1.7.0_05 
2015/01/25 16:37:13 INFO  - jmeter.JMeter: java.vm.name=Java HotSpot(TM) Server VM 
2015/01/25 16:37:13 INFO  - jmeter.JMeter: os.name=Linux 
2015/01/25 16:37:13 INFO  - jmeter.JMeter: os.arch=i386 
2015/01/25 16:37:13 INFO  - jmeter.JMeter: os.version=3.13.0-44-generic 
2015/01/25 16:37:13 INFO  - jmeter.JMeter: file.encoding=UTF-8 
2015/01/25 16:37:14 INFO  - jmeter.JMeter: Default Locale=English (United States) 
2015/01/25 16:37:14 INFO  - jmeter.JMeter: JMeter  Locale=English (United States) 
2015/01/25 16:37:14 INFO  - jmeter.JMeter: JMeterHome=/usr/share/jmeter 
2015/01/25 16:37:14 INFO  - jmeter.JMeter: user.dir  =/opt/cloudi/book/html 
2015/01/25 16:37:14 INFO  - jmeter.JMeter: PWD       =/opt/cloudi/book/html 
2015/01/25 16:37:14 INFO  - jmeter.JMeter: IP: 127.0.1.1 Name: dev8 FullName: dev8.impactsoftwarelabs.com 
2015/01/25 16:37:14 INFO  - jmeter.JMeter: Loaded icon properties from org/apache/jmeter/images/icon.properties 
2015/01/25 16:37:15 INFO  - jmeter.engine.util.CompoundVariable: Note: Function class names must contain the string: '.functions.' 
2015/01/25 16:37:15 INFO  - jmeter.engine.util.CompoundVariable: Note: Function class names must not contain the string: '.gui.' 
2015/01/25 16:37:16 INFO  - jmeter.gui.action.LookAndFeelCommand: Using look and feel: javax.swing.plaf.metal.MetalLookAndFeel [Metal, CrossPlatform] 
2015/01/25 16:37:17 INFO  - jmeter.util.BSFTestElement: Registering JMeter version of JavaScript engine as work-round for BSF-22 
2015/01/25 16:37:18 INFO  - jmeter.protocol.http.sampler.HTTPSamplerBase: Cannot find .className property for htmlParser, using default 
2015/01/25 16:37:18 INFO  - jmeter.protocol.http.sampler.HTTPSamplerBase: Parser for text/html is  
2015/01/25 16:37:18 INFO  - jmeter.protocol.http.sampler.HTTPSamplerBase: Parser for application/xhtml+xml is  
2015/01/25 16:37:18 INFO  - jmeter.protocol.http.sampler.HTTPSamplerBase: Parser for application/xml is  
2015/01/25 16:37:18 INFO  - jmeter.protocol.http.sampler.HTTPSamplerBase: Parser for text/xml is  
2015/01/25 16:37:18 INFO  - jmeter.protocol.http.sampler.HTTPSamplerBase: Parser for text/vnd.wap.wml is org.apache.jmeter.protocol.http.parser.RegexpHTMLParser 
2015/01/25 16:37:18 INFO  - jmeter.protocol.http.sampler.HTTPSamplerBase: Reuse SSL session context on subsequent iterations: true 
2015/01/25 16:37:18 INFO  - jmeter.gui.util.MenuFactory: Skipping org.apache.jmeter.protocol.http.modifier.gui.ParamModifierGui 
2015/01/25 16:37:18 INFO  - jmeter.samplers.SampleResult: Note: Sample TimeStamps are START times 
2015/01/25 16:37:18 INFO  - jmeter.samplers.SampleResult: sampleresult.default.encoding is set to ISO-8859-1 
2015/01/25 16:37:18 INFO  - jmeter.samplers.SampleResult: sampleresult.useNanoTime=true 
2015/01/25 16:37:18 INFO  - jmeter.samplers.SampleResult: sampleresult.nanoThreadSleep=5000 
2015/01/25 16:37:26 INFO  - jmeter.services.FileServer: Default base='/opt/cloudi/book/html' 
2015/01/25 16:37:26 INFO  - jmeter.gui.action.Load: Loading file: /home/bruce/Projects/Cloudi/Test/BookServiceTest.jmx 
2015/01/25 16:37:26 INFO  - jmeter.services.FileServer: Set new base='/home/bruce/Projects/Cloudi/Test' 
2015/01/25 16:37:27 INFO  - jmeter.save.SaveService: Testplan (JMX) version: 2.2. Testlog (JTL) version: 2.2 
2015/01/25 16:37:27 INFO  - jmeter.save.SaveService: Using SaveService properties file encoding UTF-8 
2015/01/25 16:37:27 INFO  - jmeter.save.SaveService: Using SaveService properties file version 1382180 
2015/01/25 16:37:27 INFO  - jmeter.save.SaveService: Using SaveService properties version 2.3 
2015/01/25 16:37:27 INFO  - jmeter.save.SaveService: All converter versions present and correct 
2015/01/25 16:37:27 INFO  - jmeter.services.FileServer: Set new base='/home/bruce/Projects/Cloudi/Test' 
2015/01/25 16:37:29 INFO  - jmeter.engine.StandardJMeterEngine: Listeners will be started after enabling running version 
2015/01/25 16:37:29 INFO  - jmeter.engine.StandardJMeterEngine: To revert to the earlier behaviour, define jmeterengine.startlistenerslater=false 
2015/01/25 16:37:29 INFO  - jmeter.engine.StandardJMeterEngine: Running the test! 
2015/01/25 16:37:29 INFO  - jmeter.gui.util.JMeterMenuBar: setRunning(true,*local*) 
2015/01/25 16:37:29 INFO  - jmeter.engine.StandardJMeterEngine: Starting ThreadGroup: 1 : Thread Group 
2015/01/25 16:37:29 INFO  - jmeter.engine.StandardJMeterEngine: Starting 1 threads for group Thread Group. 
2015/01/25 16:37:29 INFO  - jmeter.engine.StandardJMeterEngine: Thread will continue on error 
2015/01/25 16:37:29 INFO  - jmeter.threads.ThreadGroup: Starting thread group number 1 threads 1 ramp-up 1 perThread 1000.0 delayedStart=false 
2015/01/25 16:37:29 INFO  - jmeter.threads.JMeterThread: jmeterthread.startearlier=true (see jmeter.properties) 
2015/01/25 16:37:29 INFO  - jmeter.threads.JMeterThread: Running PostProcessors in forward order 
2015/01/25 16:37:29 INFO  - jmeter.threads.ThreadGroup: Started thread group number 1 
2015/01/25 16:37:29 INFO  - jmeter.engine.StandardJMeterEngine: All thread groups have been started 
2015/01/25 16:37:29 INFO  - jmeter.threads.JMeterThread: Thread started: Thread Group 1-1 
2015/01/25 16:37:35 INFO  - jmeter.threads.JMeterThread: Thread finished: Thread Group 1-1 
2015/01/25 16:37:35 INFO  - jmeter.engine.StandardJMeterEngine: Notifying test listeners of end of test 
2015/01/25 16:37:35 INFO  - jmeter.gui.util.JMeterMenuBar: setRunning(false,*local*) 
2015/01/25 16:37:46 INFO  - jmeter.gui.action.Load: Loading file: /home/bruce/Projects/Cloudi/Test/WebSocketTest.jmx 
2015/01/25 16:37:46 INFO  - jmeter.services.FileServer: Set new base='/home/bruce/Projects/Cloudi/Test' 
2015/01/25 16:37:47 INFO  - jmeter.services.FileServer: Set new base='/home/bruce/Projects/Cloudi/Test' 
2015/01/25 16:37:50 INFO  - jmeter.engine.StandardJMeterEngine: Running the test! 
2015/01/25 16:37:50 INFO  - jmeter.gui.util.JMeterMenuBar: setRunning(true,*local*) 
2015/01/25 16:37:51 INFO  - jmeter.engine.StandardJMeterEngine: Starting ThreadGroup: 1 : Thread Group 
2015/01/25 16:37:51 INFO  - jmeter.engine.StandardJMeterEngine: Starting 1 threads for group Thread Group. 
2015/01/25 16:37:51 INFO  - jmeter.engine.StandardJMeterEngine: Thread will continue on error 
2015/01/25 16:37:51 INFO  - jmeter.threads.ThreadGroup: Starting thread group number 1 threads 1 ramp-up 1 perThread 1000.0 delayedStart=false 
2015/01/25 16:37:51 INFO  - jmeter.threads.ThreadGroup: Started thread group number 1 
2015/01/25 16:37:51 INFO  - jmeter.engine.StandardJMeterEngine: All thread groups have been started 
2015/01/25 16:37:51 INFO  - jmeter.threads.JMeterThread: Thread started: Thread Group 1-1 
2015/01/25 16:38:01 INFO  - jmeter.threads.JMeterThread: Thread finished: Thread Group 1-1 
2015/01/25 16:38:01 INFO  - jmeter.engine.StandardJMeterEngine: Notifying test listeners of end of test 
2015/01/25 16:38:01 INFO  - jmeter.gui.util.JMeterMenuBar: setRunning(false,*local*) 
2015/01/25 16:40:03 INFO  - jmeter.engine.StandardJMeterEngine: Running the test! 
2015/01/25 16:40:03 INFO  - jmeter.gui.util.JMeterMenuBar: setRunning(true,*local*) 
2015/01/25 16:40:03 INFO  - jmeter.engine.StandardJMeterEngine: Starting ThreadGroup: 1 : Thread Group 
2015/01/25 16:40:03 INFO  - jmeter.engine.StandardJMeterEngine: Starting 10 threads for group Thread Group. 
2015/01/25 16:40:03 INFO  - jmeter.engine.StandardJMeterEngine: Thread will continue on error 
2015/01/25 16:40:03 INFO  - jmeter.threads.ThreadGroup: Starting thread group number 1 threads 10 ramp-up 1 perThread 100.0 delayedStart=false 
2015/01/25 16:40:03 INFO  - jmeter.threads.JMeterThread: Thread started: Thread Group 1-1 
2015/01/25 16:40:03 INFO  - jmeter.threads.ThreadGroup: Started thread group number 1 
2015/01/25 16:40:03 INFO  - jmeter.engine.StandardJMeterEngine: All thread groups have been started 
2015/01/25 16:40:03 INFO  - jmeter.threads.JMeterThread: Thread started: Thread Group 1-2 
2015/01/25 16:40:03 INFO  - jmeter.threads.JMeterThread: Thread started: Thread Group 1-3 
2015/01/25 16:40:03 INFO  - jmeter.threads.JMeterThread: Thread started: Thread Group 1-4 
2015/01/25 16:40:03 INFO  - jmeter.threads.JMeterThread: Thread started: Thread Group 1-5 
2015/01/25 16:40:03 INFO  - jmeter.threads.JMeterThread: Thread started: Thread Group 1-6 
2015/01/25 16:40:03 INFO  - jmeter.threads.JMeterThread: Thread started: Thread Group 1-7 
2015/01/25 16:40:04 INFO  - jmeter.threads.JMeterThread: Thread started: Thread Group 1-8 
2015/01/25 16:40:04 INFO  - jmeter.threads.JMeterThread: Thread started: Thread Group 1-9 
2015/01/25 16:40:04 INFO  - jmeter.threads.JMeterThread: Thread started: Thread Group 1-10 
2015/01/25 16:41:02 INFO  - jmeter.gui.action.Start: Stopping test 
2015/01/25 16:41:02 INFO  - jmeter.threads.JMeterThread: Stopping: Thread Group 1-6 
2015/01/25 16:41:02 WARN  - jmeter.threads.JMeterThread: Sampler is not Interruptible: WebSocket Sampler 
2015/01/25 16:41:02 INFO  - jmeter.threads.JMeterThread: Stopping: Thread Group 1-9 
2015/01/25 16:41:02 WARN  - jmeter.threads.JMeterThread: Sampler is not Interruptible: WebSocket Sampler 
2015/01/25 16:41:02 INFO  - jmeter.threads.JMeterThread: Stopping: Thread Group 1-1 
2015/01/25 16:41:02 WARN  - jmeter.threads.JMeterThread: Sampler is not Interruptible: WebSocket Sampler 
2015/01/25 16:41:02 INFO  - jmeter.threads.JMeterThread: Stopping: Thread Group 1-4 
2015/01/25 16:41:02 WARN  - jmeter.threads.JMeterThread: Sampler is not Interruptible: WebSocket Sampler 
2015/01/25 16:41:02 INFO  - jmeter.threads.JMeterThread: Stopping: Thread Group 1-5 
2015/01/25 16:41:02 WARN  - jmeter.threads.JMeterThread: Sampler is not Interruptible: WebSocket Sampler 
2015/01/25 16:41:02 INFO  - jmeter.threads.JMeterThread: Stopping: Thread Group 1-10 
2015/01/25 16:41:02 WARN  - jmeter.threads.JMeterThread: Sampler is not Interruptible: WebSocket Sampler 
2015/01/25 16:41:02 INFO  - jmeter.threads.JMeterThread: Stopping: Thread Group 1-8 
2015/01/25 16:41:02 WARN  - jmeter.threads.JMeterThread: Sampler is not Interruptible: WebSocket Sampler 
2015/01/25 16:41:02 INFO  - jmeter.threads.JMeterThread: Stopping: Thread Group 1-3 
2015/01/25 16:41:02 WARN  - jmeter.threads.JMeterThread: Sampler is not Interruptible: WebSocket Sampler 
2015/01/25 16:41:02 INFO  - jmeter.threads.JMeterThread: Stopping: Thread Group 1-2 
2015/01/25 16:41:02 WARN  - jmeter.threads.JMeterThread: Sampler is not Interruptible: WebSocket Sampler 
2015/01/25 16:41:02 INFO  - jmeter.threads.JMeterThread: Stopping: Thread Group 1-7 
2015/01/25 16:41:02 WARN  - jmeter.threads.JMeterThread: Sampler is not Interruptible: WebSocket Sampler 
2015/01/25 16:41:02 INFO  - jmeter.threads.JMeterThread: Thread finished: Thread Group 1-9 
2015/01/25 16:41:02 INFO  - jmeter.threads.JMeterThread: Thread finished: Thread Group 1-6 
2015/01/25 16:41:02 INFO  - jmeter.threads.JMeterThread: Thread finished: Thread Group 1-2 
2015/01/25 16:41:02 INFO  - jmeter.threads.JMeterThread: Thread finished: Thread Group 1-3 
2015/01/25 16:41:02 INFO  - jmeter.threads.JMeterThread: Thread finished: Thread Group 1-8 
2015/01/25 16:41:02 INFO  - jmeter.threads.JMeterThread: Thread finished: Thread Group 1-10 
2015/01/25 16:41:02 INFO  - jmeter.threads.JMeterThread: Thread finished: Thread Group 1-4 
2015/01/25 16:41:02 INFO  - jmeter.threads.JMeterThread: Thread finished: Thread Group 1-5 
2015/01/25 16:41:02 INFO  - jmeter.threads.JMeterThread: Thread finished: Thread Group 1-1 
2015/01/25 16:41:02 INFO  - jmeter.threads.JMeterThread: Thread finished: Thread Group 1-7 
2015/01/25 16:41:02 INFO  - jmeter.engine.StandardJMeterEngine: Notifying test listeners of end of test 
2015/01/25 16:41:02 INFO  - jmeter.gui.util.JMeterMenuBar: setRunning(false,*local*) 
2015/01/25 16:41:43 INFO  - jmeter.engine.StandardJMeterEngine: Running the test! 
2015/01/25 16:41:43 INFO  - jmeter.gui.util.JMeterMenuBar: setRunning(true,*local*) 
2015/01/25 16:41:43 INFO  - jmeter.engine.StandardJMeterEngine: Starting ThreadGroup: 1 : Thread Group 
2015/01/25 16:41:43 INFO  - jmeter.engine.StandardJMeterEngine: Starting 1 threads for group Thread Group. 
2015/01/25 16:41:43 INFO  - jmeter.engine.StandardJMeterEngine: Thread will continue on error 
2015/01/25 16:41:43 INFO  - jmeter.threads.ThreadGroup: Starting thread group number 1 threads 1 ramp-up 1 perThread 1000.0 delayedStart=false 
2015/01/25 16:41:43 INFO  - jmeter.threads.ThreadGroup: Started thread group number 1 
2015/01/25 16:41:43 INFO  - jmeter.engine.StandardJMeterEngine: All thread groups have been started 
2015/01/25 16:41:43 INFO  - jmeter.threads.JMeterThread: Thread started: Thread Group 1-1 
2015/01/25 16:41:50 INFO  - jmeter.threads.JMeterThread: Thread finished: Thread Group 1-1 
2015/01/25 16:41:50 INFO  - jmeter.engine.StandardJMeterEngine: Notifying test listeners of end of test 
2015/01/25 16:41:50 INFO  - jmeter.gui.util.JMeterMenuBar: setRunning(false,*local*) 
2015/01/25 16:42:50 INFO  - jmeter.engine.StandardJMeterEngine: Running the test! 
2015/01/25 16:42:50 INFO  - jmeter.gui.util.JMeterMenuBar: setRunning(true,*local*) 
2015/01/25 16:42:50 INFO  - jmeter.engine.StandardJMeterEngine: Starting ThreadGroup: 1 : Thread Group 
2015/01/25 16:42:50 INFO  - jmeter.engine.StandardJMeterEngine: Starting 10 threads for group Thread Group. 
2015/01/25 16:42:50 INFO  - jmeter.engine.StandardJMeterEngine: Thread will continue on error 
2015/01/25 16:42:50 INFO  - jmeter.threads.ThreadGroup: Starting thread group number 1 threads 10 ramp-up 1 perThread 100.0 delayedStart=false 
2015/01/25 16:42:50 INFO  - jmeter.threads.JMeterThread: Thread started: Thread Group 1-1 
2015/01/25 16:42:50 INFO  - jmeter.threads.ThreadGroup: Started thread group number 1 
2015/01/25 16:42:50 INFO  - jmeter.engine.StandardJMeterEngine: All thread groups have been started 
2015/01/25 16:42:50 INFO  - jmeter.threads.JMeterThread: Thread started: Thread Group 1-2 
2015/01/25 16:42:50 INFO  - jmeter.threads.JMeterThread: Thread started: Thread Group 1-3 
2015/01/25 16:42:50 INFO  - jmeter.threads.JMeterThread: Thread started: Thread Group 1-4 
2015/01/25 16:42:50 INFO  - jmeter.threads.JMeterThread: Thread started: Thread Group 1-5 
2015/01/25 16:42:50 INFO  - jmeter.threads.JMeterThread: Thread started: Thread Group 1-6 
2015/01/25 16:42:51 INFO  - jmeter.threads.JMeterThread: Thread started: Thread Group 1-7 
2015/01/25 16:42:51 INFO  - jmeter.threads.JMeterThread: Thread started: Thread Group 1-8 
2015/01/25 16:42:51 INFO  - jmeter.threads.JMeterThread: Thread started: Thread Group 1-9 
2015/01/25 16:42:51 INFO  - jmeter.threads.JMeterThread: Thread started: Thread Group 1-10 
2015/01/25 16:46:04 INFO  - jmeter.gui.action.Start: Stopping test 
2015/01/25 16:46:04 INFO  - jmeter.threads.JMeterThread: Stopping: Thread Group 1-4 
2015/01/25 16:46:04 WARN  - jmeter.threads.JMeterThread: Sampler is not Interruptible: WebSocket Sampler 
2015/01/25 16:46:04 INFO  - jmeter.threads.JMeterThread: Stopping: Thread Group 1-2 
2015/01/25 16:46:04 WARN  - jmeter.threads.JMeterThread: Sampler is not Interruptible: WebSocket Sampler 
2015/01/25 16:46:04 INFO  - jmeter.threads.JMeterThread: Stopping: Thread Group 1-10 
2015/01/25 16:46:04 WARN  - jmeter.threads.JMeterThread: Sampler is not Interruptible: WebSocket Sampler 
2015/01/25 16:46:04 INFO  - jmeter.threads.JMeterThread: Stopping: Thread Group 1-9 
2015/01/25 16:46:04 WARN  - jmeter.threads.JMeterThread: Sampler is not Interruptible: WebSocket Sampler 
2015/01/25 16:46:04 INFO  - jmeter.threads.JMeterThread: Stopping: Thread Group 1-5 
2015/01/25 16:46:04 WARN  - jmeter.threads.JMeterThread: Sampler is not Interruptible: WebSocket Sampler 
2015/01/25 16:46:04 INFO  - jmeter.threads.JMeterThread: Stopping: Thread Group 1-6 
2015/01/25 16:46:04 WARN  - jmeter.threads.JMeterThread: Sampler is not Interruptible: WebSocket Sampler 
2015/01/25 16:46:04 INFO  - jmeter.threads.JMeterThread: Stopping: Thread Group 1-1 
2015/01/25 16:46:04 WARN  - jmeter.threads.JMeterThread: Sampler is not Interruptible: WebSocket Sampler 
2015/01/25 16:46:04 INFO  - jmeter.threads.JMeterThread: Stopping: Thread Group 1-7 
2015/01/25 16:46:04 WARN  - jmeter.threads.JMeterThread: Sampler is not Interruptible: WebSocket Sampler 
2015/01/25 16:46:04 INFO  - jmeter.threads.JMeterThread: Stopping: Thread Group 1-3 
2015/01/25 16:46:04 WARN  - jmeter.threads.JMeterThread: Sampler is not Interruptible: WebSocket Sampler 
2015/01/25 16:46:04 INFO  - jmeter.threads.JMeterThread: Stopping: Thread Group 1-8 
2015/01/25 16:46:04 WARN  - jmeter.threads.JMeterThread: Sampler is not Interruptible: WebSocket Sampler 
2015/01/25 16:46:04 INFO  - jmeter.threads.JMeterThread: Thread finished: Thread Group 1-4 
2015/01/25 16:46:04 INFO  - jmeter.threads.JMeterThread: Thread finished: Thread Group 1-10 
2015/01/25 16:46:04 INFO  - jmeter.threads.JMeterThread: Thread finished: Thread Group 1-9 
2015/01/25 16:46:04 INFO  - jmeter.threads.JMeterThread: Thread finished: Thread Group 1-2 
2015/01/25 16:46:04 INFO  - jmeter.threads.JMeterThread: Thread finished: Thread Group 1-5 
2015/01/25 16:46:04 INFO  - jmeter.threads.JMeterThread: Thread finished: Thread Group 1-6 
2015/01/25 16:46:04 INFO  - jmeter.threads.JMeterThread: Thread finished: Thread Group 1-1 
2015/01/25 16:46:04 INFO  - jmeter.threads.JMeterThread: Thread finished: Thread Group 1-7 
2015/01/25 16:46:04 INFO  - jmeter.threads.JMeterThread: Thread finished: Thread Group 1-3 
2015/01/25 16:46:04 INFO  - jmeter.threads.JMeterThread: Thread finished: Thread Group 1-8 
2015/01/25 16:46:04 INFO  - jmeter.engine.StandardJMeterEngine: Notifying test listeners of end of test 
2015/01/25 16:46:04 INFO  - jmeter.gui.util.JMeterMenuBar: setRunning(false,*local*) 
2015/01/25 16:46:24 INFO  - jmeter.gui.action.Load: Loading file: /home/bruce/Projects/Cloudi/Test/WebSocketTest.jmx 
2015/01/25 16:46:24 INFO  - jmeter.services.FileServer: Set new base='/home/bruce/Projects/Cloudi/Test' 
2015/01/25 16:46:24 INFO  - jmeter.services.FileServer: Set new base='/home/bruce/Projects/Cloudi/Test' 
2015/01/25 16:46:36 INFO  - jmeter.engine.StandardJMeterEngine: Running the test! 
2015/01/25 16:46:36 INFO  - jmeter.gui.util.JMeterMenuBar: setRunning(true,*local*) 
2015/01/25 16:46:36 INFO  - jmeter.engine.StandardJMeterEngine: Starting ThreadGroup: 1 : Thread Group 
2015/01/25 16:46:36 INFO  - jmeter.engine.StandardJMeterEngine: Starting 1 threads for group Thread Group. 
2015/01/25 16:46:36 INFO  - jmeter.engine.StandardJMeterEngine: Thread will continue on error 
2015/01/25 16:46:36 INFO  - jmeter.threads.ThreadGroup: Starting thread group number 1 threads 1 ramp-up 1 perThread 1000.0 delayedStart=false 
2015/01/25 16:46:36 INFO  - jmeter.threads.ThreadGroup: Started thread group number 1 
2015/01/25 16:46:36 INFO  - jmeter.engine.StandardJMeterEngine: All thread groups have been started 
2015/01/25 16:46:36 INFO  - jmeter.threads.JMeterThread: Thread started: Thread Group 1-1 
2015/01/25 16:46:52 INFO  - jmeter.threads.JMeterThread: Thread finished: Thread Group 1-1 
2015/01/25 16:46:52 INFO  - jmeter.engine.StandardJMeterEngine: Notifying test listeners of end of test 
2015/01/25 16:46:52 INFO  - jmeter.gui.util.JMeterMenuBar: setRunning(false,*local*) 
2015/01/25 16:47:02 INFO  - jmeter.engine.StandardJMeterEngine: Running the test! 
2015/01/25 16:47:02 INFO  - jmeter.gui.util.JMeterMenuBar: setRunning(true,*local*) 
2015/01/25 16:47:03 INFO  - jmeter.engine.StandardJMeterEngine: Starting ThreadGroup: 1 : Thread Group 
2015/01/25 16:47:03 INFO  - jmeter.engine.StandardJMeterEngine: Starting 10 threads for group Thread Group. 
2015/01/25 16:47:03 INFO  - jmeter.engine.StandardJMeterEngine: Thread will continue on error 
2015/01/25 16:47:03 INFO  - jmeter.threads.ThreadGroup: Starting thread group number 1 threads 10 ramp-up 1 perThread 100.0 delayedStart=false 
2015/01/25 16:47:03 INFO  - jmeter.threads.JMeterThread: Thread started: Thread Group 1-1 
2015/01/25 16:47:03 INFO  - jmeter.threads.ThreadGroup: Started thread group number 1 
2015/01/25 16:47:03 INFO  - jmeter.engine.StandardJMeterEngine: All thread groups have been started 
2015/01/25 16:47:03 INFO  - jmeter.threads.JMeterThread: Thread started: Thread Group 1-2 
2015/01/25 16:47:03 INFO  - jmeter.threads.JMeterThread: Thread started: Thread Group 1-3 
2015/01/25 16:47:03 INFO  - jmeter.threads.JMeterThread: Thread started: Thread Group 1-4 
2015/01/25 16:47:03 INFO  - jmeter.threads.JMeterThread: Thread started: Thread Group 1-5 
2015/01/25 16:47:03 INFO  - jmeter.threads.JMeterThread: Thread started: Thread Group 1-6 
2015/01/25 16:47:03 INFO  - jmeter.threads.JMeterThread: Thread started: Thread Group 1-7 
2015/01/25 16:47:03 INFO  - jmeter.threads.JMeterThread: Thread started: Thread Group 1-8 
2015/01/25 16:47:03 INFO  - jmeter.threads.JMeterThread: Thread started: Thread Group 1-9 
2015/01/25 16:47:03 INFO  - jmeter.threads.JMeterThread: Thread started: Thread Group 1-10 
2015/01/25 16:47:36 INFO  - jmeter.threads.JMeterThread: Thread finished: Thread Group 1-1 
2015/01/25 16:47:36 INFO  - jmeter.threads.JMeterThread: Thread finished: Thread Group 1-3 
2015/01/25 16:47:37 INFO  - jmeter.threads.JMeterThread: Thread finished: Thread Group 1-2 
2015/01/25 16:47:37 INFO  - jmeter.threads.JMeterThread: Thread finished: Thread Group 1-4 
2015/01/25 16:47:37 INFO  - jmeter.threads.JMeterThread: Thread finished: Thread Group 1-5 
2015/01/25 16:47:37 INFO  - jmeter.threads.JMeterThread: Thread finished: Thread Group 1-6 
2015/01/25 16:47:37 INFO  - jmeter.threads.JMeterThread: Thread finished: Thread Group 1-7 
2015/01/25 16:47:38 INFO  - jmeter.threads.JMeterThread: Thread finished: Thread Group 1-8 
2015/01/25 16:47:38 INFO  - jmeter.threads.JMeterThread: Thread finished: Thread Group 1-9 
2015/01/25 16:47:38 INFO  - jmeter.threads.JMeterThread: Thread finished: Thread Group 1-10 
2015/01/25 16:47:38 INFO  - jmeter.engine.StandardJMeterEngine: Notifying test listeners of end of test 
2015/01/25 16:47:38 INFO  - jmeter.gui.util.JMeterMenuBar: setRunning(false,*local*) 
2015/01/25 16:48:08 INFO  - jmeter.gui.action.Load: Loading file: /home/bruce/Projects/Cloudi/Test/BookServiceTest.jmx 
2015/01/25 16:48:08 INFO  - jmeter.services.FileServer: Set new base='/home/bruce/Projects/Cloudi/Test' 
2015/01/25 16:48:08 INFO  - jmeter.services.FileServer: Set new base='/home/bruce/Projects/Cloudi/Test' 
2015/01/25 16:48:23 INFO  - jmeter.engine.StandardJMeterEngine: Running the test! 
2015/01/25 16:48:23 INFO  - jmeter.gui.util.JMeterMenuBar: setRunning(true,*local*) 
2015/01/25 16:48:24 INFO  - jmeter.engine.StandardJMeterEngine: Starting ThreadGroup: 1 : Thread Group 
2015/01/25 16:48:24 INFO  - jmeter.engine.StandardJMeterEngine: Starting 1 threads for group Thread Group. 
2015/01/25 16:48:24 INFO  - jmeter.engine.StandardJMeterEngine: Thread will continue on error 
2015/01/25 16:48:24 INFO  - jmeter.threads.ThreadGroup: Starting thread group number 1 threads 1 ramp-up 1 perThread 1000.0 delayedStart=false 
2015/01/25 16:48:24 INFO  - jmeter.threads.ThreadGroup: Started thread group number 1 
2015/01/25 16:48:24 INFO  - jmeter.engine.StandardJMeterEngine: All thread groups have been started 
2015/01/25 16:48:24 INFO  - jmeter.threads.JMeterThread: Thread started: Thread Group 1-1 
2015/01/25 16:48:29 INFO  - jmeter.threads.JMeterThread: Thread finished: Thread Group 1-1 
2015/01/25 16:48:29 INFO  - jmeter.engine.StandardJMeterEngine: Notifying test listeners of end of test 
2015/01/25 16:48:29 INFO  - jmeter.gui.util.JMeterMenuBar: setRunning(false,*local*) 
2015/01/25 16:48:50 INFO  - jmeter.engine.StandardJMeterEngine: Running the test! 
2015/01/25 16:48:50 INFO  - jmeter.gui.util.JMeterMenuBar: setRunning(true,*local*) 
2015/01/25 16:48:50 INFO  - jmeter.engine.StandardJMeterEngine: Starting ThreadGroup: 1 : Thread Group 
2015/01/25 16:48:50 INFO  - jmeter.engine.StandardJMeterEngine: Starting 1 threads for group Thread Group. 
2015/01/25 16:48:50 INFO  - jmeter.engine.StandardJMeterEngine: Thread will continue on error 
2015/01/25 16:48:50 INFO  - jmeter.threads.ThreadGroup: Starting thread group number 1 threads 1 ramp-up 1 perThread 1000.0 delayedStart=false 
2015/01/25 16:48:50 INFO  - jmeter.threads.ThreadGroup: Started thread group number 1 
2015/01/25 16:48:50 INFO  - jmeter.engine.StandardJMeterEngine: All thread groups have been started 
2015/01/25 16:48:50 INFO  - jmeter.threads.JMeterThread: Thread started: Thread Group 1-1 
2015/01/25 16:48:57 INFO  - jmeter.threads.JMeterThread: Thread finished: Thread Group 1-1 
2015/01/25 16:48:57 INFO  - jmeter.engine.StandardJMeterEngine: Notifying test listeners of end of test 
2015/01/25 16:48:57 INFO  - jmeter.gui.util.JMeterMenuBar: setRunning(false,*local*) 
2015/01/25 16:49:05 INFO  - jmeter.engine.StandardJMeterEngine: Running the test! 
2015/01/25 16:49:05 INFO  - jmeter.gui.util.JMeterMenuBar: setRunning(true,*local*) 
2015/01/25 16:49:05 INFO  - jmeter.engine.StandardJMeterEngine: Starting ThreadGroup: 1 : Thread Group 
2015/01/25 16:49:05 INFO  - jmeter.engine.StandardJMeterEngine: Starting 1 threads for group Thread Group. 
2015/01/25 16:49:05 INFO  - jmeter.engine.StandardJMeterEngine: Thread will continue on error 
2015/01/25 16:49:05 INFO  - jmeter.threads.ThreadGroup: Starting thread group number 1 threads 1 ramp-up 1 perThread 1000.0 delayedStart=false 
2015/01/25 16:49:05 INFO  - jmeter.threads.ThreadGroup: Started thread group number 1 
2015/01/25 16:49:05 INFO  - jmeter.engine.StandardJMeterEngine: All thread groups have been started 
2015/01/25 16:49:05 INFO  - jmeter.threads.JMeterThread: Thread started: Thread Group 1-1 
2015/01/25 16:49:12 INFO  - jmeter.threads.JMeterThread: Thread finished: Thread Group 1-1 
2015/01/25 16:49:12 INFO  - jmeter.engine.StandardJMeterEngine: Notifying test listeners of end of test 
2015/01/25 16:49:12 INFO  - jmeter.gui.util.JMeterMenuBar: setRunning(false,*local*) 
